make all --print-data-base --no-builtin-variables --no-builtin-rules --question
# GNU Make 4.3
# Built for x86_64-pc-linux-gnu
# Copyright (C) 1988-2020 Free Software Foundation, Inc.
# License GPLv3+: GNU GPL version 3 or later <http://gnu.org/licenses/gpl.html>
# This is free software: you are free to change and redistribute it.
# There is NO WARRANTY, to the extent permitted by law.

# Make data base, printed on Wed Mar 24 23:08:01 2021

# Variables

# makefile (from 'Makefile', line 41)
OBJ = $(SRC:.cpp=.o) 
# makefile (from 'Makefile', line 40)
SRC = $(wildcard src/*.cpp)
# environment
NO_AT_BRIDGE = 1
# environment
GTK_RC_FILES = /etc/gtk/gtkrc:/home/agala/.gtkrc:/home/agala/.config/gtkrc
# environment
VSCODE_IPC_HOOK_EXTHOST = /run/user/1000/vscode-ipc-376d4e31-d84d-41c5-b376-476d2c08181c.sock
# environment
LC_NAME = it_IT.UTF-8
# environment
LC_NUMERIC = it_IT.UTF-8
# environment
LC_ADDRESS = it_IT.UTF-8
# default
MAKE_COMMAND := make
# environment
GTK3_MODULES = xapp-gtk3-module
# automatic
@D = $(patsubst %/,%,$(dir $@))
# environment
VSCODE_HANDLES_UNCAUGHT_ERRORS = true
# default
.VARIABLES := 
# environment
PWD = /home/agala/Documents/Personal Projects/AngelinoEngine_2.0
# automatic
%D = $(patsubst %/,%,$(dir $%))
# environment
MAIL = /var/spool/mail/agala
# environment
XDG_DATA_DIRS = /home/agala/.local/share/flatpak/exports/share:/var/lib/flatpak/exports/share:/usr/local/share:/usr/share:/var/lib/snapd/desktop
# automatic
^D = $(patsubst %/,%,$(dir $^))
# environment
VSCODE_LOG_STACK = false
# automatic
%F = $(notdir $%)
# environment
XDG_SESSION_PATH = /org/freedesktop/DisplayManager/Session1
# makefile (from 'Makefile', line 6)
  := $(subst ,, )
# environment
LANG = en_US.UTF-8
# environment
XAUTHORITY = /home/agala/.Xauthority
# default
.LOADED := 
# default
.INCLUDE_DIRS = /usr/include /usr/local/include /usr/include
# makefile
MAKEFLAGS = pqrR
# makefile (from 'Makefile', line 10)
RMV = rm -f src/*.o
# makefile
CURDIR := /home/agala/Documents/Personal Projects/AngelinoEngine_2.0
# environment
VSCODE_PIPE_LOGGING = true
# environment
APPLICATION_INSIGHTS_NO_DIAGNOSTIC_CHANNEL = true
# automatic
*D = $(patsubst %/,%,$(dir $*))
# makefile (from 'Makefile', line 33)
GLFLAGS = -lpthread -lglfw -lGL -lX11 -lXrandr -lXi -ldl 
# environment
PAM_KWALLET5_LOGIN = /run/user/1000/kwallet5.socket
# environment
MFLAGS = -pqrR
# default
.SHELLFLAGS := -c
# environment
QT_LINUX_ACCESSIBILITY_ALWAYS_ON = 1
# makefile (from 'Makefile', line 32)
GL_INCLUDE_DIR = $(DIR_PREFIX)/include/GLFW
# automatic
+D = $(patsubst %/,%,$(dir $+))
# environment
XCURSOR_THEME = We10XOS-cursors
# environment
XDG_SESSION_DESKTOP = KDE
# environment
VSCODE_CRASH_REPORTER_START_OPTIONS = {"companyName":"Microsoft","productName":"VSCode","submitURL":"appcenter://code?aid=fba07a4d-84bd-4fc8-a125-9640fc8ce171&uid=e4763487-6d08-43f0-a8cc-99db83825ced&iid=e4763487-6d08-43f0-a8cc-99db83825ced&sid=e4763487-6d08-43f0-a8cc-99db83825ced","uploadToServer":true}
# makefile (from 'Makefile', line 1)
MAKEFILE_LIST := Makefile
# automatic
@F = $(notdir $@)
# environment
VSCODE_VERBOSE_LOGGING = true
# environment
VSCODE_PID = 64360
# environment
XDG_SESSION_TYPE = x11
# automatic
?D = $(patsubst %/,%,$(dir $?))
# makefile (from 'Makefile', line 18)
CCFLAGS = -D LINUX
# environment
SESSION_MANAGER = local/angelo-linux-v2:@/tmp/.ICE-unix/1120,unix/angelo-linux-v2:/tmp/.ICE-unix/1120
# automatic
*F = $(notdir $*)
# environment
CHROME_DESKTOP = code-url-handler.desktop
# environment
DBUS_SESSION_BUS_ADDRESS = unix:path=/run/user/1000/bus
# automatic
<D = $(patsubst %/,%,$(dir $<))
# environment
VSCODE_NLS_CONFIG = {"locale":"en-us","availableLanguages":{},"_languagePackSupport":true}
# environment
BREAKPAD_DUMP_LOCATION = /home/agala/.config/Code/exthost Crash Reports
# default
MAKE_HOST := x86_64-pc-linux-gnu
# makefile (from 'Makefile', line 31)
DLIBS = $(DIR_PREFIX)/lib/
# makefile
SHELL = /bin/sh
# default
MAKECMDGOALS := all
# environment
SHLVL = 0
# environment
MAKELEVEL := 0
# default
MAKE = $(MAKE_COMMAND)
# environment
PATH = /home/agala/.local/bin:/home/agala/.local/bin:/usr/local/sbin:/usr/local/bin:/usr/bin:/usr/lib/jvm/default/bin:/usr/bin/site_perl:/usr/bin/vendor_perl:/usr/bin/core_perl:/var/lib/snapd/snap/bin:/usr/lib/jvm/default/bin
# default
MAKEFILES := 
# environment
LC_MONETARY = it_IT.UTF-8
# environment
MOTD_SHOWN = pam
# automatic
^F = $(notdir $^)
# environment
LC_TIME = it_IT.UTF-8
# environment
VSCODE_LOG_NATIVE = false
# environment
LC_TELEPHONE = it_IT.UTF-8
# automatic
?F = $(notdir $?)
# environment
KDE_APPLICATIONS_AS_SCOPE = 1
# environment
XDG_SEAT = seat0
# environment
XDG_CURRENT_DESKTOP = KDE
# environment
LS_COLORS = 
# automatic
+F = $(notdir $+)
# environment
XDG_SEAT_PATH = /org/freedesktop/DisplayManager/Seat0
# environment
DESKTOP_SESSION = /usr/share/xsessions/plasma
# environment
ORIGINAL_XDG_CURRENT_DESKTOP = KDE
# 'override' directive
GNUMAKEFLAGS := 
# environment
BROWSER = /usr/bin/firefox
# environment
LOGNAME = agala
# environment
XDG_VTNR = 1
# makefile
.DEFAULT_GOAL := all
# makefile (from 'Makefile', line 5)
space := $(subst ,, )
# environment
EDITOR = /usr/bin/nano
# environment
DISPLAY = :0
# environment
GTK_MODULES = canberra-gtk-module
# environment
USER = agala
# default
MAKE_VERSION := 4.3
# environment
KDE_SESSION_UID = 1000
# 'override' directive
.SHELLSTATUS := 0
# makefile (from 'Makefile', line 9)
EXEC_NAME = $(notdir $(subst ${ },_,$(shell pwd)) )
# environment
LC_MEASUREMENT = it_IT.UTF-8
# makefile (from 'Makefile', line 4)
null := 
# environment
VSCODE_NODE_CACHED_DATA_DIR = /home/agala/.config/Code/CachedData/2b9aebd5354a3629c3aba0a5f5df49f43d6689f8
# environment
_ = /usr/bin/make
# environment
LC_PAPER = it_IT.UTF-8
# environment
XDG_RUNTIME_DIR = /run/user/1000
# makefile (from 'Makefile', line 34)
CFLAGS = $(GLFLAGS) -I$(GL_INCLUDE_DIR) -Wall -O0
# environment
XDG_SESSION_CLASS = user
# environment
VSCODE_AMD_ENTRYPOINT = vs/workbench/services/extensions/node/extensionHostProcess
# environment
GTK2_RC_FILES = /etc/gtk-2.0/gtkrc:/home/agala/.gtkrc-2.0:/home/agala/.config/gtkrc-2.0
# environment
HOME = /home/agala
# environment
ELECTRON_RUN_AS_NODE = 1
# environment
VSCODE_IPC_HOOK = /run/user/1000/vscode-fe8cf142-1.54.3-main.sock
# environment
XDG_SESSION_ID = 2
# environment
XCURSOR_SIZE = 24
# default
.RECIPEPREFIX := 
# automatic
<F = $(notdir $<)
# default
SUFFIXES := 
# environment
QT_AUTO_SCREEN_SCALE_FACTOR = 0
# environment
KDE_SESSION_VERSION = 5
# default
.FEATURES := target-specific order-only second-expansion else-if shortest-stem undefine oneshell nocomment grouped-target extra-prereqs archives jobserver output-sync check-symlink guile load
# makefile (from 'Makefile', line 1)
CC = g++
# environment
KDE_FULL_SESSION = true
# makefile (from 'Makefile', line 13)
DIR_PREFIX = /usr
# environment
LC_IDENTIFICATION = it_IT.UTF-8
# variable set hash-table stats:
# Load=119/1024=12%, Rehash=0, Collisions=10/172=6%

# Pattern-specific Variable Values

# No pattern-specific variable values.

# Directories

# src (device 2049, inode 3552989): 5 files, no impossibilities.
# . (device 2049, inode 8726): 10 files, no impossibilities.

# 15 files, no impossibilities in 2 directories.

# Implicit Rules

%.o: %.cpp src/glad.c
#  recipe to execute (from 'Makefile', line 48):
	@echo "** Building obj files..."
	$(CC) -c $< -o $@

# 1 implicit rules, 0 (0,0%) terminal.
# Files

# Not a target:
src/glad.c:
#  Implicit rule search has been done.
#  Last modified 2021-03-24 22:49:21.434763924
#  File has been updated.
#  Successfully updated.

# Not a target:
Makefile:
#  Implicit rule search has been done.
#  Last modified 2021-03-24 22:50:14.328507535
#  File has been updated.
 
#  Successfully updated.

# Not a target:
src/main.cpp:
#  Implicit rule search has been done.
#  Last modified 2021-03-24 22:55:39.257695457
#  File has been updated.
#  Successfully updated.

clean:
#  Phony target (prerequisite of .PHONY).
#  Implicit rule search has not been done.
#  File does not exist.
#  File has not been updated.
#  recipe to execute (from 'Makefile', line 52):
	@echo "** Removing object files..."
	$(RMV)

src/main.o: src/main.cpp src/glad.c
#  Implicit rule search has been done.
#  Implicit/static pattern stem: 'src/main'
#  File does not exist.
#  File has been updated.
#  Needs to be updated (-q is set).
# automatic
# @ := src/main.o
# automatic
# * := src/main
# automatic
# < := src/main.cpp
# automatic
# + := src/main.cpp src/glad.c
# automatic
# % := 
# automatic
# ^ := src/main.cpp src/glad.c
# automatic
# ? := src/main.cpp src/glad.c
# automatic
# | := 
# variable set hash-table stats:
# Load=8/32=25%, Rehash=0, Collisions=2/14=14%
#  recipe to execute (from 'Makefile', line 48):
	@echo "** Building obj files..."
	$(CC) -c $< -o $@

# Not a target:
.DEFAULT:
#  Implicit rule search has not been done.
#  Modification time never checked.
#  File has not been updated.

all: AngelinoEngine_2.0 clean
#  Phony target (prerequisite of .PHONY).
#  Command line target.
#  Implicit rule search has not been done.
#  File does not exist.
#  File has been updated.
#  Needs to be updated (-q is set).
# variable set hash-table stats:
# Load=0/32=0%, Rehash=0, Collisions=0/4=0%

# Not a target:
src/glad.o:
#  Implicit rule search has not been done.
#  Modification time never checked.
#  File has not been updated.

.PHONY: all clean
#  Implicit rule search has not been done.
#  Modification time never checked.
#  File has not been updated.

# Not a target:
src/Shader.o:
#  Implicit rule search has not been done.
#  Modification time never checked.
#  File has not been updated.

AngelinoEngine_2.0: src/main.o src/Shader.o src/glad.o
#  Implicit rule search has not been done.
#  File does not exist.
#  File has been updated.
#  Needs to be updated (-q is set).
# variable set hash-table stats:
# Load=0/32=0%, Rehash=0, Collisions=0/4=0%
#  recipe to execute (from 'Makefile', line 44):
	@echo "** Building main executable, aka $(EXEC_NAME) ..."
	$(CC) -L$(DLIBS) -o $@ $(OBJ) src/glad.o $(CFLAGS)

# files hash-table stats:
# Load=12/1024=1%, Rehash=0, Collisions=0/37=0%
# VPATH Search Paths

# No 'vpath' search paths.

# No general ('VPATH' variable) search path.

# strcache buffers: 1 (0) / strings = 29 / storage = 288 B / avg = 9 B
# current buf: size = 8162 B / used = 288 B / count = 29 / avg = 9 B

# strcache performance: lookups = 48 / hit rate = 39%
# hash-table stats:
# Load=29/8192=0%, Rehash=0, Collisions=0/48=0%
# Finished Make data base on Wed Mar 24 23:08:01 2021

 
